current directory: /Users/doris/teach/zdshaoteach.github.io/.vendor/bundle/ruby/3.1.0/gems/unf_ext-0.0.8.1/ext/unf_ext
/usr/local/opt/ruby/bin/ruby -I /usr/local/Cellar/ruby/3.1.1/lib/ruby/3.1.0 -r ./siteconf20220407-7125-53qpo9.rb extconf.rb
checking for -lstdc++... yes
creating Makefile

current directory: /Users/doris/teach/zdshaoteach.github.io/.vendor/bundle/ruby/3.1.0/gems/unf_ext-0.0.8.1/ext/unf_ext
make DESTDIR\= clean
make[1]: Entering directory '/Users/doris/teach/zdshaoteach.github.io/.vendor/bundle/ruby/3.1.0/gems/unf_ext-0.0.8.1/ext/unf_ext'
Makefile:176: warning: overriding recipe for target 'clean'
Makefile:176: warning: ignoring old recipe for target 'clean'
Makefile:183: warning: overriding recipe for target 'distclean'
Makefile:183: warning: ignoring old recipe for target 'distclean'
Makefile:191: warning: overriding recipe for target 'install-so'
Makefile:191: warning: ignoring old recipe for target 'install-so'
Makefile:201: warning: overriding recipe for target 'pre-install-rb-default'
Makefile:201: warning: ignoring old recipe for target 'pre-install-rb-default'
Makefile:203: warning: overriding recipe for target '.sitearchdir.time'
Makefile:203: warning: ignoring old recipe for target '.sitearchdir.time'
Makefile:213: warning: overriding recipe for target '.cc.o'
Makefile:213: warning: ignoring old recipe for target '.cc.o'
Makefile:217: warning: overriding recipe for target '.cc.S'
Makefile:217: warning: ignoring old recipe for target '.cc.S'
Makefile:221: warning: overriding recipe for target '.mm.o'
Makefile:221: warning: ignoring old recipe for target '.mm.o'
Makefile:225: warning: overriding recipe for target '.mm.S'
Makefile:225: warning: ignoring old recipe for target '.mm.S'
Makefile:229: warning: overriding recipe for target '.cxx.o'
Makefile:229: warning: ignoring old recipe for target '.cxx.o'
Makefile:233: warning: overriding recipe for target '.cxx.S'
Makefile:233: warning: ignoring old recipe for target '.cxx.S'
Makefile:237: warning: overriding recipe for target '.cpp.o'
Makefile:237: warning: ignoring old recipe for target '.cpp.o'
Makefile:241: warning: overriding recipe for target '.cpp.S'
Makefile:241: warning: ignoring old recipe for target '.cpp.S'
Makefile:245: warning: overriding recipe for target '.c.o'
Makefile:245: warning: ignoring old recipe for target '.c.o'
Makefile:249: warning: overriding recipe for target '.c.S'
Makefile:249: warning: ignoring old recipe for target '.c.S'
Makefile:253: warning: overriding recipe for target '.m.o'
Makefile:253: warning: ignoring old recipe for target '.m.o'
Makefile:257: warning: overriding recipe for target '.m.S'
Makefile:257: warning: ignoring old recipe for target '.m.S'
Makefile:261: warning: overriding recipe for target 'unf_ext.bundle'
Makefile:261: warning: ignoring old recipe for target 'unf_ext.bundle'
make[1]: Leaving directory '/Users/doris/teach/zdshaoteach.github.io/.vendor/bundle/ruby/3.1.0/gems/unf_ext-0.0.8.1/ext/unf_ext'

current directory: /Users/doris/teach/zdshaoteach.github.io/.vendor/bundle/ruby/3.1.0/gems/unf_ext-0.0.8.1/ext/unf_ext
make DESTDIR\=
make[1]: Entering directory '/Users/doris/teach/zdshaoteach.github.io/.vendor/bundle/ruby/3.1.0/gems/unf_ext-0.0.8.1/ext/unf_ext'
Makefile:176: warning: overriding recipe for target 'clean'
Makefile:176: warning: ignoring old recipe for target 'clean'
Makefile:183: warning: overriding recipe for target 'distclean'
Makefile:183: warning: ignoring old recipe for target 'distclean'
Makefile:191: warning: overriding recipe for target 'install-so'
Makefile:191: warning: ignoring old recipe for target 'install-so'
Makefile:201: warning: overriding recipe for target 'pre-install-rb-default'
Makefile:201: warning: ignoring old recipe for target 'pre-install-rb-default'
Makefile:203: warning: overriding recipe for target '.sitearchdir.time'
Makefile:203: warning: ignoring old recipe for target '.sitearchdir.time'
Makefile:213: warning: overriding recipe for target '.cc.o'
Makefile:213: warning: ignoring old recipe for target '.cc.o'
Makefile:217: warning: overriding recipe for target '.cc.S'
Makefile:217: warning: ignoring old recipe for target '.cc.S'
Makefile:221: warning: overriding recipe for target '.mm.o'
Makefile:221: warning: ignoring old recipe for target '.mm.o'
Makefile:225: warning: overriding recipe for target '.mm.S'
Makefile:225: warning: ignoring old recipe for target '.mm.S'
Makefile:229: warning: overriding recipe for target '.cxx.o'
Makefile:229: warning: ignoring old recipe for target '.cxx.o'
Makefile:233: warning: overriding recipe for target '.cxx.S'
Makefile:233: warning: ignoring old recipe for target '.cxx.S'
Makefile:237: warning: overriding recipe for target '.cpp.o'
Makefile:237: warning: ignoring old recipe for target '.cpp.o'
Makefile:241: warning: overriding recipe for target '.cpp.S'
Makefile:241: warning: ignoring old recipe for target '.cpp.S'
Makefile:245: warning: overriding recipe for target '.c.o'
Makefile:245: warning: ignoring old recipe for target '.c.o'
Makefile:249: warning: overriding recipe for target '.c.S'
Makefile:249: warning: ignoring old recipe for target '.c.S'
Makefile:253: warning: overriding recipe for target '.m.o'
Makefile:253: warning: ignoring old recipe for target '.m.o'
Makefile:257: warning: overriding recipe for target '.m.S'
Makefile:257: warning: ignoring old recipe for target '.m.S'
Makefile:261: warning: overriding recipe for target 'unf_ext.bundle'
Makefile:261: warning: ignoring old recipe for target 'unf_ext.bundle'
compiling unf.cc
linking shared-object unf_ext.bundle
make[1]: Leaving directory '/Users/doris/teach/zdshaoteach.github.io/.vendor/bundle/ruby/3.1.0/gems/unf_ext-0.0.8.1/ext/unf_ext'

current directory: /Users/doris/teach/zdshaoteach.github.io/.vendor/bundle/ruby/3.1.0/gems/unf_ext-0.0.8.1/ext/unf_ext
make DESTDIR\= install
make[1]: Entering directory '/Users/doris/teach/zdshaoteach.github.io/.vendor/bundle/ruby/3.1.0/gems/unf_ext-0.0.8.1/ext/unf_ext'
Makefile:176: warning: overriding recipe for target 'clean'
Makefile:176: warning: ignoring old recipe for target 'clean'
Makefile:183: warning: overriding recipe for target 'distclean'
Makefile:183: warning: ignoring old recipe for target 'distclean'
Makefile:191: warning: overriding recipe for target 'install-so'
Makefile:191: warning: ignoring old recipe for target 'install-so'
Makefile:201: warning: overriding recipe for target 'pre-install-rb-default'
Makefile:201: warning: ignoring old recipe for target 'pre-install-rb-default'
Makefile:203: warning: overriding recipe for target '.sitearchdir.time'
Makefile:203: warning: ignoring old recipe for target '.sitearchdir.time'
Makefile:213: warning: overriding recipe for target '.cc.o'
Makefile:213: warning: ignoring old recipe for target '.cc.o'
Makefile:217: warning: overriding recipe for target '.cc.S'
Makefile:217: warning: ignoring old recipe for target '.cc.S'
Makefile:221: warning: overriding recipe for target '.mm.o'
Makefile:221: warning: ignoring old recipe for target '.mm.o'
Makefile:225: warning: overriding recipe for target '.mm.S'
Makefile:225: warning: ignoring old recipe for target '.mm.S'
Makefile:229: warning: overriding recipe for target '.cxx.o'
Makefile:229: warning: ignoring old recipe for target '.cxx.o'
Makefile:233: warning: overriding recipe for target '.cxx.S'
Makefile:233: warning: ignoring old recipe for target '.cxx.S'
Makefile:237: warning: overriding recipe for target '.cpp.o'
Makefile:237: warning: ignoring old recipe for target '.cpp.o'
Makefile:241: warning: overriding recipe for target '.cpp.S'
Makefile:241: warning: ignoring old recipe for target '.cpp.S'
Makefile:245: warning: overriding recipe for target '.c.o'
Makefile:245: warning: ignoring old recipe for target '.c.o'
Makefile:249: warning: overriding recipe for target '.c.S'
Makefile:249: warning: ignoring old recipe for target '.c.S'
Makefile:253: warning: overriding recipe for target '.m.o'
Makefile:253: warning: ignoring old recipe for target '.m.o'
Makefile:257: warning: overriding recipe for target '.m.S'
Makefile:257: warning: ignoring old recipe for target '.m.S'
Makefile:261: warning: overriding recipe for target 'unf_ext.bundle'
Makefile:261: warning: ignoring old recipe for target 'unf_ext.bundle'
/usr/bin/install -c -m 0755 unf_ext.bundle ./.gem.20220407-7125-5jdfhk
make[1]: Leaving directory '/Users/doris/teach/zdshaoteach.github.io/.vendor/bundle/ruby/3.1.0/gems/unf_ext-0.0.8.1/ext/unf_ext'
