current directory: /Users/doris/teach/zdshaoteach.github.io/.vendor/bundle/ruby/3.1.0/gems/commonmarker-0.23.4/ext/commonmarker
/usr/local/opt/ruby/bin/ruby -I /usr/local/Cellar/ruby/3.1.1/lib/ruby/3.1.0 -r ./siteconf20220407-7125-mihp9d.rb extconf.rb
creating Makefile

current directory: /Users/doris/teach/zdshaoteach.github.io/.vendor/bundle/ruby/3.1.0/gems/commonmarker-0.23.4/ext/commonmarker
make DESTDIR\= clean
make[1]: Entering directory '/Users/doris/teach/zdshaoteach.github.io/.vendor/bundle/ruby/3.1.0/gems/commonmarker-0.23.4/ext/commonmarker'
Makefile:176: warning: overriding recipe for target 'clean'
Makefile:176: warning: ignoring old recipe for target 'clean'
Makefile:183: warning: overriding recipe for target 'distclean'
Makefile:183: warning: ignoring old recipe for target 'distclean'
Makefile:191: warning: overriding recipe for target 'install-so'
Makefile:191: warning: ignoring old recipe for target 'install-so'
Makefile:201: warning: overriding recipe for target 'pre-install-rb-default'
Makefile:201: warning: ignoring old recipe for target 'pre-install-rb-default'
Makefile:203: warning: overriding recipe for target '.sitearchdir.-.commonmarker.time'
Makefile:203: warning: ignoring old recipe for target '.sitearchdir.-.commonmarker.time'
Makefile:213: warning: overriding recipe for target '.cc.o'
Makefile:213: warning: ignoring old recipe for target '.cc.o'
Makefile:217: warning: overriding recipe for target '.cc.S'
Makefile:217: warning: ignoring old recipe for target '.cc.S'
Makefile:221: warning: overriding recipe for target '.mm.o'
Makefile:221: warning: ignoring old recipe for target '.mm.o'
Makefile:225: warning: overriding recipe for target '.mm.S'
Makefile:225: warning: ignoring old recipe for target '.mm.S'
Makefile:229: warning: overriding recipe for target '.cxx.o'
Makefile:229: warning: ignoring old recipe for target '.cxx.o'
Makefile:233: warning: overriding recipe for target '.cxx.S'
Makefile:233: warning: ignoring old recipe for target '.cxx.S'
Makefile:237: warning: overriding recipe for target '.cpp.o'
Makefile:237: warning: ignoring old recipe for target '.cpp.o'
Makefile:241: warning: overriding recipe for target '.cpp.S'
Makefile:241: warning: ignoring old recipe for target '.cpp.S'
Makefile:245: warning: overriding recipe for target '.c.o'
Makefile:245: warning: ignoring old recipe for target '.c.o'
Makefile:249: warning: overriding recipe for target '.c.S'
Makefile:249: warning: ignoring old recipe for target '.c.S'
Makefile:253: warning: overriding recipe for target '.m.o'
Makefile:253: warning: ignoring old recipe for target '.m.o'
Makefile:257: warning: overriding recipe for target '.m.S'
Makefile:257: warning: ignoring old recipe for target '.m.S'
Makefile:261: warning: overriding recipe for target 'commonmarker.bundle'
Makefile:261: warning: ignoring old recipe for target 'commonmarker.bundle'
make[1]: Leaving directory '/Users/doris/teach/zdshaoteach.github.io/.vendor/bundle/ruby/3.1.0/gems/commonmarker-0.23.4/ext/commonmarker'

current directory: /Users/doris/teach/zdshaoteach.github.io/.vendor/bundle/ruby/3.1.0/gems/commonmarker-0.23.4/ext/commonmarker
make DESTDIR\=
make[1]: Entering directory '/Users/doris/teach/zdshaoteach.github.io/.vendor/bundle/ruby/3.1.0/gems/commonmarker-0.23.4/ext/commonmarker'
Makefile:176: warning: overriding recipe for target 'clean'
Makefile:176: warning: ignoring old recipe for target 'clean'
Makefile:183: warning: overriding recipe for target 'distclean'
Makefile:183: warning: ignoring old recipe for target 'distclean'
Makefile:191: warning: overriding recipe for target 'install-so'
Makefile:191: warning: ignoring old recipe for target 'install-so'
Makefile:201: warning: overriding recipe for target 'pre-install-rb-default'
Makefile:201: warning: ignoring old recipe for target 'pre-install-rb-default'
Makefile:203: warning: overriding recipe for target '.sitearchdir.-.commonmarker.time'
Makefile:203: warning: ignoring old recipe for target '.sitearchdir.-.commonmarker.time'
Makefile:213: warning: overriding recipe for target '.cc.o'
Makefile:213: warning: ignoring old recipe for target '.cc.o'
Makefile:217: warning: overriding recipe for target '.cc.S'
Makefile:217: warning: ignoring old recipe for target '.cc.S'
Makefile:221: warning: overriding recipe for target '.mm.o'
Makefile:221: warning: ignoring old recipe for target '.mm.o'
Makefile:225: warning: overriding recipe for target '.mm.S'
Makefile:225: warning: ignoring old recipe for target '.mm.S'
Makefile:229: warning: overriding recipe for target '.cxx.o'
Makefile:229: warning: ignoring old recipe for target '.cxx.o'
Makefile:233: warning: overriding recipe for target '.cxx.S'
Makefile:233: warning: ignoring old recipe for target '.cxx.S'
Makefile:237: warning: overriding recipe for target '.cpp.o'
Makefile:237: warning: ignoring old recipe for target '.cpp.o'
Makefile:241: warning: overriding recipe for target '.cpp.S'
Makefile:241: warning: ignoring old recipe for target '.cpp.S'
Makefile:245: warning: overriding recipe for target '.c.o'
Makefile:245: warning: ignoring old recipe for target '.c.o'
Makefile:249: warning: overriding recipe for target '.c.S'
Makefile:249: warning: ignoring old recipe for target '.c.S'
Makefile:253: warning: overriding recipe for target '.m.o'
Makefile:253: warning: ignoring old recipe for target '.m.o'
Makefile:257: warning: overriding recipe for target '.m.S'
Makefile:257: warning: ignoring old recipe for target '.m.S'
Makefile:261: warning: overriding recipe for target 'commonmarker.bundle'
Makefile:261: warning: ignoring old recipe for target 'commonmarker.bundle'
compiling arena.c
compiling autolink.c
compiling blocks.c
blocks.c:1514:5: warning: 'CMARK_DEBUG_NODES' is not defined, evaluates to 0 [-Wundef]
#if CMARK_DEBUG_NODES
    ^
1 warning generated.
compiling buffer.c
compiling cmark.c
compiling cmark_ctype.c
compiling commonmark.c
commonmark.c:420:18: warning: assigning to 'char *' from 'const char [2]' discards qualifiers [-Wincompatible-pointer-types-discards-qualifiers]
      emph_delim = "_";
                 ^ ~~~
commonmark.c:422:18: warning: assigning to 'char *' from 'const char [2]' discards qualifiers [-Wincompatible-pointer-types-discards-qualifiers]
      emph_delim = "*";
                 ^ ~~~
2 warnings generated.
compiling commonmarker.c
In file included from commonmarker.c:3:
In file included from ./houdini.h:9:
./config.h:8:9: warning: 'HAVE_STDBOOL_H' macro redefined [-Wmacro-redefined]
#define HAVE_STDBOOL_H
        ^
/usr/local/Cellar/ruby/3.1.1/include/ruby-3.1.0/x86_64-darwin20/ruby/config.h:27:9: note: previous definition is here
#define HAVE_STDBOOL_H 1
        ^
commonmarker.c:565:20: warning: implicit conversion loses integer precision: 'long' to 'int' [-Wshorten-64-to-32]
  extensions_len = RARRAY_LEN(rb_extensions);
                 ~ ^~~~~~~~~~~~~~~~~~~~~~~~~
/usr/local/Cellar/ruby/3.1.1/include/ruby-3.1.0/ruby/internal/core/rarray.h:68:36: note: expanded from macro 'RARRAY_LEN'
#define RARRAY_LEN                 rb_array_len                 /**< @alias{rb_array_len} */
                                   ^
commonmarker.c:1179:27: warning: implicit conversion loses integer precision: 'long' to 'bufsize_t' (aka 'int') [-Wshorten-64-to-32]
                          RSTRING_LEN(rb_text))) {
                          ^~~~~~~~~~~~~~~~~~~~
/usr/local/Cellar/ruby/3.1.1/include/ruby-3.1.0/ruby/internal/core/rstring.h:52:27: note: expanded from macro 'RSTRING_LEN'
#define RSTRING_LEN       RSTRING_LEN
                          ^
commonmarker.c:1200:28: warning: implicit conversion loses integer precision: 'long' to 'bufsize_t' (aka 'int') [-Wshorten-64-to-32]
                           RSTRING_LEN(rb_text), 0)) {
                           ^~~~~~~~~~~~~~~~~~~~
/usr/local/Cellar/ruby/3.1.1/include/ruby-3.1.0/ruby/internal/core/rstring.h:52:27: note: expanded from macro 'RSTRING_LEN'
#define RSTRING_LEN       RSTRING_LEN
                          ^
4 warnings generated.
compiling core-extensions.c
compiling ext_scanners.c
compiling footnotes.c
compiling houdini_href_e.c
compiling houdini_html_e.c
compiling houdini_html_u.c
compiling html.c
compiling inlines.c
compiling iterator.c
compiling latex.c
compiling linked_list.c
compiling man.c
compiling map.c
compiling node.c
compiling plaintext.c
compiling plugin.c
compiling references.c
compiling registry.c
compiling render.c
compiling scanners.c
compiling strikethrough.c
compiling syntax_extension.c
compiling table.c
compiling tagfilter.c
compiling tasklist.c
compiling utf8.c
compiling xml.c
linking shared-object commonmarker/commonmarker.bundle
make[1]: Leaving directory '/Users/doris/teach/zdshaoteach.github.io/.vendor/bundle/ruby/3.1.0/gems/commonmarker-0.23.4/ext/commonmarker'

current directory: /Users/doris/teach/zdshaoteach.github.io/.vendor/bundle/ruby/3.1.0/gems/commonmarker-0.23.4/ext/commonmarker
make DESTDIR\= install
make[1]: Entering directory '/Users/doris/teach/zdshaoteach.github.io/.vendor/bundle/ruby/3.1.0/gems/commonmarker-0.23.4/ext/commonmarker'
Makefile:176: warning: overriding recipe for target 'clean'
Makefile:176: warning: ignoring old recipe for target 'clean'
Makefile:183: warning: overriding recipe for target 'distclean'
Makefile:183: warning: ignoring old recipe for target 'distclean'
Makefile:191: warning: overriding recipe for target 'install-so'
Makefile:191: warning: ignoring old recipe for target 'install-so'
Makefile:201: warning: overriding recipe for target 'pre-install-rb-default'
Makefile:201: warning: ignoring old recipe for target 'pre-install-rb-default'
Makefile:203: warning: overriding recipe for target '.sitearchdir.-.commonmarker.time'
Makefile:203: warning: ignoring old recipe for target '.sitearchdir.-.commonmarker.time'
Makefile:213: warning: overriding recipe for target '.cc.o'
Makefile:213: warning: ignoring old recipe for target '.cc.o'
Makefile:217: warning: overriding recipe for target '.cc.S'
Makefile:217: warning: ignoring old recipe for target '.cc.S'
Makefile:221: warning: overriding recipe for target '.mm.o'
Makefile:221: warning: ignoring old recipe for target '.mm.o'
Makefile:225: warning: overriding recipe for target '.mm.S'
Makefile:225: warning: ignoring old recipe for target '.mm.S'
Makefile:229: warning: overriding recipe for target '.cxx.o'
Makefile:229: warning: ignoring old recipe for target '.cxx.o'
Makefile:233: warning: overriding recipe for target '.cxx.S'
Makefile:233: warning: ignoring old recipe for target '.cxx.S'
Makefile:237: warning: overriding recipe for target '.cpp.o'
Makefile:237: warning: ignoring old recipe for target '.cpp.o'
Makefile:241: warning: overriding recipe for target '.cpp.S'
Makefile:241: warning: ignoring old recipe for target '.cpp.S'
Makefile:245: warning: overriding recipe for target '.c.o'
Makefile:245: warning: ignoring old recipe for target '.c.o'
Makefile:249: warning: overriding recipe for target '.c.S'
Makefile:249: warning: ignoring old recipe for target '.c.S'
Makefile:253: warning: overriding recipe for target '.m.o'
Makefile:253: warning: ignoring old recipe for target '.m.o'
Makefile:257: warning: overriding recipe for target '.m.S'
Makefile:257: warning: ignoring old recipe for target '.m.S'
Makefile:261: warning: overriding recipe for target 'commonmarker.bundle'
Makefile:261: warning: ignoring old recipe for target 'commonmarker.bundle'
/usr/bin/install -c -m 0755 commonmarker.bundle ./.gem.20220407-7125-t77n1q/commonmarker
make[1]: Leaving directory '/Users/doris/teach/zdshaoteach.github.io/.vendor/bundle/ruby/3.1.0/gems/commonmarker-0.23.4/ext/commonmarker'
