DYLD_FALLBACK_LIBRARY_PATH=.:/usr/local/Cellar/ruby/3.1.1/lib pkg-config --exists libffi
DYLD_FALLBACK_LIBRARY_PATH=.:/usr/local/Cellar/ruby/3.1.1/lib pkg-config --libs libffi |
=> "-lffi\n"
DYLD_FALLBACK_LIBRARY_PATH=.:/usr/local/Cellar/ruby/3.1.1/lib "clang -o conftest -I/usr/local/Cellar/ruby/3.1.1/include/ruby-3.1.0/x86_64-darwin20 -I/usr/local/Cellar/ruby/3.1.1/include/ruby-3.1.0/ruby/backward -I/usr/local/Cellar/ruby/3.1.1/include/ruby-3.1.0 -I.  -I/usr/local/opt/libyaml/include -I/usr/local/opt/openssl@1.1/include -I/usr/local/opt/readline/include -D_XOPEN_SOURCE -D_DARWIN_C_SOURCE -D_DARWIN_UNLIMITED_SELECT -D_REENTRANT   -fdeclspec -O3 -fno-fast-math -ggdb3 -Wall -Wextra -Wdeprecated-declarations -Wdivision-by-zero -Wimplicit-function-declaration -Wimplicit-int -Wmisleading-indentation -Wpointer-arith -Wshorten-64-to-32 -Wwrite-strings -Wold-style-definition -Wmissing-noreturn -Wno-constant-logical-operand -Wno-long-long -Wno-missing-field-initializers -Wno-overlength-strings -Wno-parentheses-equality -Wno-self-assign -Wno-tautological-compare -Wno-unused-parameter -Wno-unused-value -Wunused-variable -Wextra-tokens -Wundef  -fno-common -pipe conftest.c  -L. -L/usr/local/Cellar/ruby/3.1.1/lib -L/usr/local/opt/libyaml/lib -L/usr/local/opt/openssl@1.1/lib -L/usr/local/opt/readline/lib -L. -fstack-protector-strong -L/usr/local/lib -L/usr/local/opt/libyaml/lib -L/usr/local/opt/openssl@1.1/lib -L/usr/local/opt/readline/lib     -lruby.3.1   "
checked program was:
/* begin */
1: #include "ruby.h"
2: 
3: int main(int argc, char **argv)
4: {
5:   return !!argv[argc];
6: }
/* end */

DYLD_FALLBACK_LIBRARY_PATH=.:/usr/local/Cellar/ruby/3.1.1/lib "clang -o conftest -I/usr/local/Cellar/ruby/3.1.1/include/ruby-3.1.0/x86_64-darwin20 -I/usr/local/Cellar/ruby/3.1.1/include/ruby-3.1.0/ruby/backward -I/usr/local/Cellar/ruby/3.1.1/include/ruby-3.1.0 -I.  -I/usr/local/opt/libyaml/include -I/usr/local/opt/openssl@1.1/include -I/usr/local/opt/readline/include -D_XOPEN_SOURCE -D_DARWIN_C_SOURCE -D_DARWIN_UNLIMITED_SELECT -D_REENTRANT   -fdeclspec -O3 -fno-fast-math -ggdb3 -Wall -Wextra -Wdeprecated-declarations -Wdivision-by-zero -Wimplicit-function-declaration -Wimplicit-int -Wmisleading-indentation -Wpointer-arith -Wshorten-64-to-32 -Wwrite-strings -Wold-style-definition -Wmissing-noreturn -Wno-constant-logical-operand -Wno-long-long -Wno-missing-field-initializers -Wno-overlength-strings -Wno-parentheses-equality -Wno-self-assign -Wno-tautological-compare -Wno-unused-parameter -Wno-unused-value -Wunused-variable -Wextra-tokens -Wundef  -fno-common -pipe conftest.c  -L. -L/usr/local/Cellar/ruby/3.1.1/lib -L/usr/local/opt/libyaml/lib -L/usr/local/opt/openssl@1.1/lib -L/usr/local/opt/readline/lib -L. -fstack-protector-strong -L/usr/local/lib -L/usr/local/opt/libyaml/lib -L/usr/local/opt/openssl@1.1/lib -L/usr/local/opt/readline/lib     -lruby.3.1 -lffi  "
checked program was:
/* begin */
1: #include "ruby.h"
2: 
3: int main(int argc, char **argv)
4: {
5:   return !!argv[argc];
6: }
/* end */

DYLD_FALLBACK_LIBRARY_PATH=.:/usr/local/Cellar/ruby/3.1.1/lib pkg-config --cflags-only-I libffi |
=> "-I/Library/Developer/CommandLineTools/SDKs/MacOSX11.sdk/usr/include/ffi\n"
DYLD_FALLBACK_LIBRARY_PATH=.:/usr/local/Cellar/ruby/3.1.1/lib pkg-config --cflags-only-other libffi |
=> "\n"
DYLD_FALLBACK_LIBRARY_PATH=.:/usr/local/Cellar/ruby/3.1.1/lib pkg-config --libs-only-l libffi |
=> "-lffi\n"
package configuration for libffi
incflags: -I/Library/Developer/CommandLineTools/SDKs/MacOSX11.sdk/usr/include/ffi
cflags: 
ldflags: 
libs: -lffi

have_library: checking for ffi_prep_closure_loc() in -lffi... -------------------- yes

DYLD_FALLBACK_LIBRARY_PATH=.:/usr/local/Cellar/ruby/3.1.1/lib "clang -o conftest -I/usr/local/Cellar/ruby/3.1.1/include/ruby-3.1.0/x86_64-darwin20 -I/usr/local/Cellar/ruby/3.1.1/include/ruby-3.1.0/ruby/backward -I/usr/local/Cellar/ruby/3.1.1/include/ruby-3.1.0 -I. -I/Library/Developer/CommandLineTools/SDKs/MacOSX11.sdk/usr/include/ffi  -I/usr/local/opt/libyaml/include -I/usr/local/opt/openssl@1.1/include -I/usr/local/opt/readline/include -D_XOPEN_SOURCE -D_DARWIN_C_SOURCE -D_DARWIN_UNLIMITED_SELECT -D_REENTRANT   -fdeclspec -O3 -fno-fast-math -ggdb3 -Wall -Wextra -Wdeprecated-declarations -Wdivision-by-zero -Wimplicit-function-declaration -Wimplicit-int -Wmisleading-indentation -Wpointer-arith -Wshorten-64-to-32 -Wwrite-strings -Wold-style-definition -Wmissing-noreturn -Wno-constant-logical-operand -Wno-long-long -Wno-missing-field-initializers -Wno-overlength-strings -Wno-parentheses-equality -Wno-self-assign -Wno-tautological-compare -Wno-unused-parameter -Wno-unused-value -Wunused-variable -Wextra-tokens -Wundef  -fno-common -pipe  conftest.c  -L. -L/usr/local/Cellar/ruby/3.1.1/lib -L/usr/local/opt/libyaml/lib -L/usr/local/opt/openssl@1.1/lib -L/usr/local/opt/readline/lib -L. -fstack-protector-strong -L/usr/local/lib -L/usr/local/opt/libyaml/lib -L/usr/local/opt/openssl@1.1/lib -L/usr/local/opt/readline/lib      -lffi -lruby.3.1 -lffi  -lffi  "
In file included from conftest.c:3:
/Library/Developer/CommandLineTools/SDKs/MacOSX11.sdk/usr/include/ffi/ffi.h:195:1: warning: unknown platform 'macCatalyst' in availability macro [-Wavailability]
FFI_AVAILABLE_APPLE FFI_EXTERN ffi_type ffi_type_void;
^
/Library/Developer/CommandLineTools/SDKs/MacOSX11.sdk/usr/include/ffi/ffi.h:55:34: note: expanded from macro 'FFI_AVAILABLE_APPLE'
#define FFI_AVAILABLE_APPLE      API_AVAILABLE(macos(10.0), macCatalyst(13.0)) API_UNAVAILABLE(ios, tvos, watchos)
                                 ^
/Applications/Xcode.app/Contents/Developer/Platforms/MacOSX.platform/Developer/SDKs/MacOSX.sdk/usr/include/os/availability.h:61:160: note: expanded from macro 'API_AVAILABLE'
    #define API_AVAILABLE(...) __API_AVAILABLE_GET_MACRO(__VA_ARGS__,__API_AVAILABLE7, __API_AVAILABLE6, __API_AVAILABLE5, __API_AVAILABLE4, __API_AVAILABLE3, __API_AVAILABLE2, __API_AVAILABLE1, 0)(__VA_ARGS__)
                                                                                                                                                               ^
In file included from conftest.c:3:
/Library/Developer/CommandLineTools/SDKs/MacOSX11.sdk/usr/include/ffi/ffi.h:196:1: warning: unknown platform 'macCatalyst' in availability macro [-Wavailability]
FFI_AVAILABLE_APPLE FFI_EXTERN ffi_type ffi_type_uint8;
^
/Library/Developer/CommandLineTools/SDKs/MacOSX11.sdk/usr/include/ffi/ffi.h:55:34: note: expanded from macro 'FFI_AVAILABLE_APPLE'
#define FFI_AVAILABLE_APPLE      API_AVAILABLE(macos(10.0), macCatalyst(13.0)) API_UNAVAILABLE(ios, tvos, watchos)
                                 ^
/Applications/Xcode.app/Contents/Developer/Platforms/MacOSX.platform/Developer/SDKs/MacOSX.sdk/usr/include/os/availability.h:61:160: note: expanded from macro 'API_AVAILABLE'
    #define API_AVAILABLE(...) __API_AVAILABLE_GET_MACRO(__VA_ARGS__,__API_AVAILABLE7, __API_AVAILABLE6, __API_AVAILABLE5, __API_AVAILABLE4, __API_AVAILABLE3, __API_AVAILABLE2, __API_AVAILABLE1, 0)(__VA_ARGS__)
                                                                                                                                                               ^
In file included from conftest.c:3:
/Library/Developer/CommandLineTools/SDKs/MacOSX11.sdk/usr/include/ffi/ffi.h:197:1: warning: unknown platform 'macCatalyst' in availability macro [-Wavailability]
FFI_AVAILABLE_APPLE FFI_EXTERN ffi_type ffi_type_sint8;
^
/Library/Developer/CommandLineTools/SDKs/MacOSX11.sdk/usr/include/ffi/ffi.h:55:34: note: expanded from macro 'FFI_AVAILABLE_APPLE'
#define FFI_AVAILABLE_APPLE      API_AVAILABLE(macos(10.0), macCatalyst(13.0)) API_UNAVAILABLE(ios, tvos, watchos)
                                 ^
/Applications/Xcode.app/Contents/Developer/Platforms/MacOSX.platform/Developer/SDKs/MacOSX.sdk/usr/include/os/availability.h:61:160: note: expanded from macro 'API_AVAILABLE'
    #define API_AVAILABLE(...) __API_AVAILABLE_GET_MACRO(__VA_ARGS__,__API_AVAILABLE7, __API_AVAILABLE6, __API_AVAILABLE5, __API_AVAILABLE4, __API_AVAILABLE3, __API_AVAILABLE2, __API_AVAILABLE1, 0)(__VA_ARGS__)
                                                                                                                                                               ^
In file included from conftest.c:3:
/Library/Developer/CommandLineTools/SDKs/MacOSX11.sdk/usr/include/ffi/ffi.h:198:1: warning: unknown platform 'macCatalyst' in availability macro [-Wavailability]
FFI_AVAILABLE_APPLE FFI_EXTERN ffi_type  ffi_type_uint16;
^
/Library/Developer/CommandLineTools/SDKs/MacOSX11.sdk/usr/include/ffi/ffi.h:55:34: note: expanded from macro 'FFI_AVAILABLE_APPLE'
#define FFI_AVAILABLE_APPLE      API_AVAILABLE(macos(10.0), macCatalyst(13.0)) API_UNAVAILABLE(ios, tvos, watchos)
                                 ^
/Applications/Xcode.app/Contents/Developer/Platforms/MacOSX.platform/Developer/SDKs/MacOSX.sdk/usr/include/os/availability.h:61:160: note: expanded from macro 'API_AVAILABLE'
    #define API_AVAILABLE(...) __API_AVAILABLE_GET_MACRO(__VA_ARGS__,__API_AVAILABLE7, __API_AVAILABLE6, __API_AVAILABLE5, __API_AVAILABLE4, __API_AVAILABLE3, __API_AVAILABLE2, __API_AVAILABLE1, 0)(__VA_ARGS__)
                                                                                                                                                               ^
In file included from conftest.c:3:
/Library/Developer/CommandLineTools/SDKs/MacOSX11.sdk/usr/include/ffi/ffi.h:199:1: warning: unknown platform 'macCatalyst' in availability macro [-Wavailability]
FFI_AVAILABLE_APPLE FFI_EXTERN ffi_type ffi_type_sint16;
^
/Library/Developer/CommandLineTools/SDKs/MacOSX11.sdk/usr/include/ffi/ffi.h:55:34: note: expanded from macro 'FFI_AVAILABLE_APPLE'
#define FFI_AVAILABLE_APPLE      API_AVAILABLE(macos(10.0), macCatalyst(13.0)) API_UNAVAILABLE(ios, tvos, watchos)
                                 ^
/Applications/Xcode.app/Contents/Developer/Platforms/MacOSX.platform/Developer/SDKs/MacOSX.sdk/usr/include/os/availability.h:61:160: note: expanded from macro 'API_AVAILABLE'
    #define API_AVAILABLE(...) __API_AVAILABLE_GET_MACRO(__VA_ARGS__,__API_AVAILABLE7, __API_AVAILABLE6, __API_AVAILABLE5, __API_AVAILABLE4, __API_AVAILABLE3, __API_AVAILABLE2, __API_AVAILABLE1, 0)(__VA_ARGS__)
                                                                                                                                                               ^
In file included from conftest.c:3:
/Library/Developer/CommandLineTools/SDKs/MacOSX11.sdk/usr/include/ffi/ffi.h:200:1: warning: unknown platform 'macCatalyst' in availability macro [-Wavailability]
FFI_AVAILABLE_APPLE FFI_EXTERN ffi_type ffi_type_uint32;
^
/Library/Developer/CommandLineTools/SDKs/MacOSX11.sdk/usr/include/ffi/ffi.h:55:34: note: expanded from macro 'FFI_AVAILABLE_APPLE'
#define FFI_AVAILABLE_APPLE      API_AVAILABLE(macos(10.0), macCatalyst(13.0)) API_UNAVAILABLE(ios, tvos, watchos)
                                 ^
/Applications/Xcode.app/Contents/Developer/Platforms/MacOSX.platform/Developer/SDKs/MacOSX.sdk/usr/include/os/availability.h:61:160: note: expanded from macro 'API_AVAILABLE'
    #define API_AVAILABLE(...) __API_AVAILABLE_GET_MACRO(__VA_ARGS__,__API_AVAILABLE7, __API_AVAILABLE6, __API_AVAILABLE5, __API_AVAILABLE4, __API_AVAILABLE3, __API_AVAILABLE2, __API_AVAILABLE1, 0)(__VA_ARGS__)
                                                                                                                                                               ^
In file included from conftest.c:3:
/Library/Developer/CommandLineTools/SDKs/MacOSX11.sdk/usr/include/ffi/ffi.h:201:1: warning: unknown platform 'macCatalyst' in availability macro [-Wavailability]
FFI_AVAILABLE_APPLE FFI_EXTERN ffi_type ffi_type_sint32;
^
/Library/Developer/CommandLineTools/SDKs/MacOSX11.sdk/usr/include/ffi/ffi.h:55:34: note: expanded from macro 'FFI_AVAILABLE_APPLE'
#define FFI_AVAILABLE_APPLE      API_AVAILABLE(macos(10.0), macCatalyst(13.0)) API_UNAVAILABLE(ios, tvos, watchos)
                                 ^
/Applications/Xcode.app/Contents/Developer/Platforms/MacOSX.platform/Developer/SDKs/MacOSX.sdk/usr/include/os/availability.h:61:160: note: expanded from macro 'API_AVAILABLE'
    #define API_AVAILABLE(...) __API_AVAILABLE_GET_MACRO(__VA_ARGS__,__API_AVAILABLE7, __API_AVAILABLE6, __API_AVAILABLE5, __API_AVAILABLE4, __API_AVAILABLE3, __API_AVAILABLE2, __API_AVAILABLE1, 0)(__VA_ARGS__)
                                                                                                                                                               ^
In file included from conftest.c:3:
/Library/Developer/CommandLineTools/SDKs/MacOSX11.sdk/usr/include/ffi/ffi.h:202:1: warning: unknown platform 'macCatalyst' in availability macro [-Wavailability]
FFI_AVAILABLE_APPLE FFI_EXTERN ffi_type ffi_type_uint64;
^
/Library/Developer/CommandLineTools/SDKs/MacOSX11.sdk/usr/include/ffi/ffi.h:55:34: note: expanded from macro 'FFI_AVAILABLE_APPLE'
#define FFI_AVAILABLE_APPLE      API_AVAILABLE(macos(10.0), macCatalyst(13.0)) API_UNAVAILABLE(ios, tvos, watchos)
                                 ^
/Applications/Xcode.app/Contents/Developer/Platforms/MacOSX.platform/Developer/SDKs/MacOSX.sdk/usr/include/os/availability.h:61:160: note: expanded from macro 'API_AVAILABLE'
    #define API_AVAILABLE(...) __API_AVAILABLE_GET_MACRO(__VA_ARGS__,__API_AVAILABLE7, __API_AVAILABLE6, __API_AVAILABLE5, __API_AVAILABLE4, __API_AVAILABLE3, __API_AVAILABLE2, __API_AVAILABLE1, 0)(__VA_ARGS__)
                                                                                                                                                               ^
In file included from conftest.c:3:
/Library/Developer/CommandLineTools/SDKs/MacOSX11.sdk/usr/include/ffi/ffi.h:203:1: warning: unknown platform 'macCatalyst' in availability macro [-Wavailability]
FFI_AVAILABLE_APPLE FFI_EXTERN ffi_type ffi_type_sint64;
^
/Library/Developer/CommandLineTools/SDKs/MacOSX11.sdk/usr/include/ffi/ffi.h:55:34: note: expanded from macro 'FFI_AVAILABLE_APPLE'
#define FFI_AVAILABLE_APPLE      API_AVAILABLE(macos(10.0), macCatalyst(13.0)) API_UNAVAILABLE(ios, tvos, watchos)
                                 ^
/Applications/Xcode.app/Contents/Developer/Platforms/MacOSX.platform/Developer/SDKs/MacOSX.sdk/usr/include/os/availability.h:61:160: note: expanded from macro 'API_AVAILABLE'
    #define API_AVAILABLE(...) __API_AVAILABLE_GET_MACRO(__VA_ARGS__,__API_AVAILABLE7, __API_AVAILABLE6, __API_AVAILABLE5, __API_AVAILABLE4, __API_AVAILABLE3, __API_AVAILABLE2, __API_AVAILABLE1, 0)(__VA_ARGS__)
                                                                                                                                                               ^
In file included from conftest.c:3:
/Library/Developer/CommandLineTools/SDKs/MacOSX11.sdk/usr/include/ffi/ffi.h:204:1: warning: unknown platform 'macCatalyst' in availability macro [-Wavailability]
FFI_AVAILABLE_APPLE FFI_EXTERN ffi_type ffi_type_float;
^
/Library/Developer/CommandLineTools/SDKs/MacOSX11.sdk/usr/include/ffi/ffi.h:55:34: note: expanded from macro 'FFI_AVAILABLE_APPLE'
#define FFI_AVAILABLE_APPLE      API_AVAILABLE(macos(10.0), macCatalyst(13.0)) API_UNAVAILABLE(ios, tvos, watchos)
                                 ^
/Applications/Xcode.app/Contents/Developer/Platforms/MacOSX.platform/Developer/SDKs/MacOSX.sdk/usr/include/os/availability.h:61:160: note: expanded from macro 'API_AVAILABLE'
    #define API_AVAILABLE(...) __API_AVAILABLE_GET_MACRO(__VA_ARGS__,__API_AVAILABLE7, __API_AVAILABLE6, __API_AVAILABLE5, __API_AVAILABLE4, __API_AVAILABLE3, __API_AVAILABLE2, __API_AVAILABLE1, 0)(__VA_ARGS__)
                                                                                                                                                               ^
In file included from conftest.c:3:
/Library/Developer/CommandLineTools/SDKs/MacOSX11.sdk/usr/include/ffi/ffi.h:205:1: warning: unknown platform 'macCatalyst' in availability macro [-Wavailability]
FFI_AVAILABLE_APPLE FFI_EXTERN ffi_type ffi_type_double;
^
/Library/Developer/CommandLineTools/SDKs/MacOSX11.sdk/usr/include/ffi/ffi.h:55:34: note: expanded from macro 'FFI_AVAILABLE_APPLE'
#define FFI_AVAILABLE_APPLE      API_AVAILABLE(macos(10.0), macCatalyst(13.0)) API_UNAVAILABLE(ios, tvos, watchos)
                                 ^
/Applications/Xcode.app/Contents/Developer/Platforms/MacOSX.platform/Developer/SDKs/MacOSX.sdk/usr/include/os/availability.h:61:160: note: expanded from macro 'API_AVAILABLE'
    #define API_AVAILABLE(...) __API_AVAILABLE_GET_MACRO(__VA_ARGS__,__API_AVAILABLE7, __API_AVAILABLE6, __API_AVAILABLE5, __API_AVAILABLE4, __API_AVAILABLE3, __API_AVAILABLE2, __API_AVAILABLE1, 0)(__VA_ARGS__)
                                                                                                                                                               ^
In file included from conftest.c:3:
/Library/Developer/CommandLineTools/SDKs/MacOSX11.sdk/usr/include/ffi/ffi.h:206:1: warning: unknown platform 'macCatalyst' in availability macro [-Wavailability]
FFI_AVAILABLE_APPLE FFI_EXTERN ffi_type ffi_type_pointer;
^
/Library/Developer/CommandLineTools/SDKs/MacOSX11.sdk/usr/include/ffi/ffi.h:55:34: note: expanded from macro 'FFI_AVAILABLE_APPLE'
#define FFI_AVAILABLE_APPLE      API_AVAILABLE(macos(10.0), macCatalyst(13.0)) API_UNAVAILABLE(ios, tvos, watchos)
                                 ^
/Applications/Xcode.app/Contents/Developer/Platforms/MacOSX.platform/Developer/SDKs/MacOSX.sdk/usr/include/os/availability.h:61:160: note: expanded from macro 'API_AVAILABLE'
    #define API_AVAILABLE(...) __API_AVAILABLE_GET_MACRO(__VA_ARGS__,__API_AVAILABLE7, __API_AVAILABLE6, __API_AVAILABLE5, __API_AVAILABLE4, __API_AVAILABLE3, __API_AVAILABLE2, __API_AVAILABLE1, 0)(__VA_ARGS__)
                                                                                                                                                               ^
In file included from conftest.c:3:
/Library/Developer/CommandLineTools/SDKs/MacOSX11.sdk/usr/include/ffi/ffi.h:209:1: warning: unknown platform 'macCatalyst' in availability macro [-Wavailability]
FFI_AVAILABLE_APPLE FFI_EXTERN ffi_type ffi_type_longdouble;
^
/Library/Developer/CommandLineTools/SDKs/MacOSX11.sdk/usr/include/ffi/ffi.h:55:34: note: expanded from macro 'FFI_AVAILABLE_APPLE'
#define FFI_AVAILABLE_APPLE      API_AVAILABLE(macos(10.0), macCatalyst(13.0)) API_UNAVAILABLE(ios, tvos, watchos)
                                 ^
/Applications/Xcode.app/Contents/Developer/Platforms/MacOSX.platform/Developer/SDKs/MacOSX.sdk/usr/include/os/availability.h:61:160: note: expanded from macro 'API_AVAILABLE'
    #define API_AVAILABLE(...) __API_AVAILABLE_GET_MACRO(__VA_ARGS__,__API_AVAILABLE7, __API_AVAILABLE6, __API_AVAILABLE5, __API_AVAILABLE4, __API_AVAILABLE3, __API_AVAILABLE2, __API_AVAILABLE1, 0)(__VA_ARGS__)
                                                                                                                                                               ^
In file included from conftest.c:3:
/Library/Developer/CommandLineTools/SDKs/MacOSX11.sdk/usr/include/ffi/ffi.h:215:1: warning: unknown platform 'macCatalyst' in availability macro [-Wavailability]
FFI_AVAILABLE_APPLE_2019 FFI_EXTERN ffi_type ffi_type_complex_float;
^
/Library/Developer/CommandLineTools/SDKs/MacOSX11.sdk/usr/include/ffi/ffi.h:56:34: note: expanded from macro 'FFI_AVAILABLE_APPLE_2019'
#define FFI_AVAILABLE_APPLE_2019 API_AVAILABLE(macos(10.15), macCatalyst(13.0)) API_UNAVAILABLE(ios, tvos, watchos)
                                 ^
/Applications/Xcode.app/Contents/Developer/Platforms/MacOSX.platform/Developer/SDKs/MacOSX.sdk/usr/include/os/availability.h:61:160: note: expanded from macro 'API_AVAILABLE'
    #define API_AVAILABLE(...) __API_AVAILABLE_GET_MACRO(__VA_ARGS__,__API_AVAILABLE7, __API_AVAILABLE6, __API_AVAILABLE5, __API_AVAILABLE4, __API_AVAILABLE3, __API_AVAILABLE2, __API_AVAILABLE1, 0)(__VA_ARGS__)
                                                                                                                                                               ^
In file included from conftest.c:3:
/Library/Developer/CommandLineTools/SDKs/MacOSX11.sdk/usr/include/ffi/ffi.h:216:1: warning: unknown platform 'macCatalyst' in availability macro [-Wavailability]
FFI_AVAILABLE_APPLE_2019 FFI_EXTERN ffi_type ffi_type_complex_double;
^
/Library/Developer/CommandLineTools/SDKs/MacOSX11.sdk/usr/include/ffi/ffi.h:56:34: note: expanded from macro 'FFI_AVAILABLE_APPLE_2019'
#define FFI_AVAILABLE_APPLE_2019 API_AVAILABLE(macos(10.15), macCatalyst(13.0)) API_UNAVAILABLE(ios, tvos, watchos)
                                 ^
/Applications/Xcode.app/Contents/Developer/Platforms/MacOSX.platform/Developer/SDKs/MacOSX.sdk/usr/include/os/availability.h:61:160: note: expanded from macro 'API_AVAILABLE'
    #define API_AVAILABLE(...) __API_AVAILABLE_GET_MACRO(__VA_ARGS__,__API_AVAILABLE7, __API_AVAILABLE6, __API_AVAILABLE5, __API_AVAILABLE4, __API_AVAILABLE3, __API_AVAILABLE2, __API_AVAILABLE1, 0)(__VA_ARGS__)
                                                                                                                                                               ^
In file included from conftest.c:3:
/Library/Developer/CommandLineTools/SDKs/MacOSX11.sdk/usr/include/ffi/ffi.h:218:1: warning: unknown platform 'macCatalyst' in availability macro [-Wavailability]
FFI_AVAILABLE_APPLE_2019 FFI_EXTERN ffi_type ffi_type_complex_longdouble;
^
/Library/Developer/CommandLineTools/SDKs/MacOSX11.sdk/usr/include/ffi/ffi.h:56:34: note: expanded from macro 'FFI_AVAILABLE_APPLE_2019'
#define FFI_AVAILABLE_APPLE_2019 API_AVAILABLE(macos(10.15), macCatalyst(13.0)) API_UNAVAILABLE(ios, tvos, watchos)
                                 ^
/Applications/Xcode.app/Contents/Developer/Platforms/MacOSX.platform/Developer/SDKs/MacOSX.sdk/usr/include/os/availability.h:61:160: note: expanded from macro 'API_AVAILABLE'
    #define API_AVAILABLE(...) __API_AVAILABLE_GET_MACRO(__VA_ARGS__,__API_AVAILABLE7, __API_AVAILABLE6, __API_AVAILABLE5, __API_AVAILABLE4, __API_AVAILABLE3, __API_AVAILABLE2, __API_AVAILABLE1, 0)(__VA_ARGS__)
                                                                                                                                                               ^
In file included from conftest.c:3:
/Library/Developer/CommandLineTools/SDKs/MacOSX11.sdk/usr/include/ffi/ffi.h:280:1: warning: unknown platform 'macCatalyst' in availability macro [-Wavailability]
FFI_AVAILABLE_APPLE_2019 FFI_API
^
/Library/Developer/CommandLineTools/SDKs/MacOSX11.sdk/usr/include/ffi/ffi.h:56:34: note: expanded from macro 'FFI_AVAILABLE_APPLE_2019'
#define FFI_AVAILABLE_APPLE_2019 API_AVAILABLE(macos(10.15), macCatalyst(13.0)) API_UNAVAILABLE(ios, tvos, watchos)
                                 ^
/Applications/Xcode.app/Contents/Developer/Platforms/MacOSX.platform/Developer/SDKs/MacOSX.sdk/usr/include/os/availability.h:61:160: note: expanded from macro 'API_AVAILABLE'
    #define API_AVAILABLE(...) __API_AVAILABLE_GET_MACRO(__VA_ARGS__,__API_AVAILABLE7, __API_AVAILABLE6, __API_AVAILABLE5, __API_AVAILABLE4, __API_AVAILABLE3, __API_AVAILABLE2, __API_AVAILABLE1, 0)(__VA_ARGS__)
                                                                                                                                                               ^
In file included from conftest.c:3:
/Library/Developer/CommandLineTools/SDKs/MacOSX11.sdk/usr/include/ffi/ffi.h:286:1: warning: unknown platform 'macCatalyst' in availability macro [-Wavailability]
FFI_AVAILABLE_APPLE_2019 FFI_API void ffi_ptrarray_to_raw (ffi_cif *cif, void **args, ffi_raw *raw);
^
/Library/Developer/CommandLineTools/SDKs/MacOSX11.sdk/usr/include/ffi/ffi.h:56:34: note: expanded from macro 'FFI_AVAILABLE_APPLE_2019'
#define FFI_AVAILABLE_APPLE_2019 API_AVAILABLE(macos(10.15), macCatalyst(13.0)) API_UNAVAILABLE(ios, tvos, watchos)
                                 ^
/Applications/Xcode.app/Contents/Developer/Platforms/MacOSX.platform/Developer/SDKs/MacOSX.sdk/usr/include/os/availability.h:61:160: note: expanded from macro 'API_AVAILABLE'
    #define API_AVAILABLE(...) __API_AVAILABLE_GET_MACRO(__VA_ARGS__,__API_AVAILABLE7, __API_AVAILABLE6, __API_AVAILABLE5, __API_AVAILABLE4, __API_AVAILABLE3, __API_AVAILABLE2, __API_AVAILABLE1, 0)(__VA_ARGS__)
                                                                                                                                                               ^
In file included from conftest.c:3:
/Library/Developer/CommandLineTools/SDKs/MacOSX11.sdk/usr/include/ffi/ffi.h:287:1: warning: unknown platform 'macCatalyst' in availability macro [-Wavailability]
FFI_AVAILABLE_APPLE_2019 FFI_API void ffi_raw_to_ptrarray (ffi_cif *cif, ffi_raw *raw, void **args);
^
/Library/Developer/CommandLineTools/SDKs/MacOSX11.sdk/usr/include/ffi/ffi.h:56:34: note: expanded from macro 'FFI_AVAILABLE_APPLE_2019'
#define FFI_AVAILABLE_APPLE_2019 API_AVAILABLE(macos(10.15), macCatalyst(13.0)) API_UNAVAILABLE(ios, tvos, watchos)
                                 ^
/Applications/Xcode.app/Contents/Developer/Platforms/MacOSX.platform/Developer/SDKs/MacOSX.sdk/usr/include/os/availability.h:61:160: note: expanded from macro 'API_AVAILABLE'
    #define API_AVAILABLE(...) __API_AVAILABLE_GET_MACRO(__VA_ARGS__,__API_AVAILABLE7, __API_AVAILABLE6, __API_AVAILABLE5, __API_AVAILABLE4, __API_AVAILABLE3, __API_AVAILABLE2, __API_AVAILABLE1, 0)(__VA_ARGS__)
                                                                                                                                                               ^
In file included from conftest.c:3:
/Library/Developer/CommandLineTools/SDKs/MacOSX11.sdk/usr/include/ffi/ffi.h:288:1: warning: unknown platform 'macCatalyst' in availability macro [-Wavailability]
FFI_AVAILABLE_APPLE_2019 FFI_API size_t ffi_raw_size (ffi_cif *cif);
^
/Library/Developer/CommandLineTools/SDKs/MacOSX11.sdk/usr/include/ffi/ffi.h:56:34: note: expanded from macro 'FFI_AVAILABLE_APPLE_2019'
#define FFI_AVAILABLE_APPLE_2019 API_AVAILABLE(macos(10.15), macCatalyst(13.0)) API_UNAVAILABLE(ios, tvos, watchos)
                                 ^
/Applications/Xcode.app/Contents/Developer/Platforms/MacOSX.platform/Developer/SDKs/MacOSX.sdk/usr/include/os/availability.h:61:160: note: expanded from macro 'API_AVAILABLE'
    #define API_AVAILABLE(...) __API_AVAILABLE_GET_MACRO(__VA_ARGS__,__API_AVAILABLE7, __API_AVAILABLE6, __API_AVAILABLE5, __API_AVAILABLE4, __API_AVAILABLE3, __API_AVAILABLE2, __API_AVAILABLE1, 0)(__VA_ARGS__)
                                                                                                                                                               ^
In file included from conftest.c:3:
/Library/Developer/CommandLineTools/SDKs/MacOSX11.sdk/usr/include/ffi/ffi.h:295:1: warning: unknown platform 'macCatalyst' in availability macro [-Wavailability]
FFI_AVAILABLE_APPLE_2019_DEPRECATED_2020 FFI_API
^
/Library/Developer/CommandLineTools/SDKs/MacOSX11.sdk/usr/include/ffi/ffi.h:57:50: note: expanded from macro 'FFI_AVAILABLE_APPLE_2019_DEPRECATED_2020'
#define FFI_AVAILABLE_APPLE_2019_DEPRECATED_2020 API_DEPRECATED("Deprecated", macos(10.15, 11.0), macCatalyst(13.0, 14.0)) API_UNAVAILABLE(ios, tvos, watchos)
                                                 ^
/Applications/Xcode.app/Contents/Developer/Platforms/MacOSX.platform/Developer/SDKs/MacOSX.sdk/usr/include/os/availability.h:83:187: note: expanded from macro 'API_DEPRECATED'
    #define API_DEPRECATED(...) __API_DEPRECATED_MSG_GET_MACRO(__VA_ARGS__,__API_DEPRECATED_MSG8,__API_DEPRECATED_MSG7, __API_DEPRECATED_MSG6,__API_DEPRECATED_MSG5,__API_DEPRECATED_MSG4,__API_DEPRECATED_MSG3,__API_DEPRECATED_MSG2,__API_DEPRECATED_MSG1, 0)(__VA_ARGS__)
                                                                                                                                                                                          ^
In file included from conftest.c:3:
/Library/Developer/CommandLineTools/SDKs/MacOSX11.sdk/usr/include/ffi/ffi.h:302:1: warning: unknown platform 'macCatalyst' in availability macro [-Wavailability]
FFI_AVAILABLE_APPLE_2019_DEPRECATED_2020 FFI_API
^
/Library/Developer/CommandLineTools/SDKs/MacOSX11.sdk/usr/include/ffi/ffi.h:57:50: note: expanded from macro 'FFI_AVAILABLE_APPLE_2019_DEPRECATED_2020'
#define FFI_AVAILABLE_APPLE_2019_DEPRECATED_2020 API_DEPRECATED("Deprecated", macos(10.15, 11.0), macCatalyst(13.0, 14.0)) API_UNAVAILABLE(ios, tvos, watchos)
                                                 ^
/Applications/Xcode.app/Contents/Developer/Platforms/MacOSX.platform/Developer/SDKs/MacOSX.sdk/usr/include/os/availability.h:83:187: note: expanded from macro 'API_DEPRECATED'
    #define API_DEPRECATED(...) __API_DEPRECATED_MSG_GET_MACRO(__VA_ARGS__,__API_DEPRECATED_MSG8,__API_DEPRECATED_MSG7, __API_DEPRECATED_MSG6,__API_DEPRECATED_MSG5,__API_DEPRECATED_MSG4,__API_DEPRECATED_MSG3,__API_DEPRECATED_MSG2,__API_DEPRECATED_MSG1, 0)(__VA_ARGS__)
                                                                                                                                                                                          ^
In file included from conftest.c:3:
/Library/Developer/CommandLineTools/SDKs/MacOSX11.sdk/usr/include/ffi/ffi.h:304:1: warning: unknown platform 'macCatalyst' in availability macro [-Wavailability]
FFI_AVAILABLE_APPLE_2019_DEPRECATED_2020 FFI_API
^
/Library/Developer/CommandLineTools/SDKs/MacOSX11.sdk/usr/include/ffi/ffi.h:57:50: note: expanded from macro 'FFI_AVAILABLE_APPLE_2019_DEPRECATED_2020'
#define FFI_AVAILABLE_APPLE_2019_DEPRECATED_2020 API_DEPRECATED("Deprecated", macos(10.15, 11.0), macCatalyst(13.0, 14.0)) API_UNAVAILABLE(ios, tvos, watchos)
                                                 ^
/Applications/Xcode.app/Contents/Developer/Platforms/MacOSX.platform/Developer/SDKs/MacOSX.sdk/usr/include/os/availability.h:83:187: note: expanded from macro 'API_DEPRECATED'
    #define API_DEPRECATED(...) __API_DEPRECATED_MSG_GET_MACRO(__VA_ARGS__,__API_DEPRECATED_MSG8,__API_DEPRECATED_MSG7, __API_DEPRECATED_MSG6,__API_DEPRECATED_MSG5,__API_DEPRECATED_MSG4,__API_DEPRECATED_MSG3,__API_DEPRECATED_MSG2,__API_DEPRECATED_MSG1, 0)(__VA_ARGS__)
                                                                                                                                                                                          ^
In file included from conftest.c:3:
/Library/Developer/CommandLineTools/SDKs/MacOSX11.sdk/usr/include/ffi/ffi.h:306:1: warning: unknown platform 'macCatalyst' in availability macro [-Wavailability]
FFI_AVAILABLE_APPLE_2019_DEPRECATED_2020 FFI_API
^
/Library/Developer/CommandLineTools/SDKs/MacOSX11.sdk/usr/include/ffi/ffi.h:57:50: note: expanded from macro 'FFI_AVAILABLE_APPLE_2019_DEPRECATED_2020'
#define FFI_AVAILABLE_APPLE_2019_DEPRECATED_2020 API_DEPRECATED("Deprecated", macos(10.15, 11.0), macCatalyst(13.0, 14.0)) API_UNAVAILABLE(ios, tvos, watchos)
                                                 ^
/Applications/Xcode.app/Contents/Developer/Platforms/MacOSX.platform/Developer/SDKs/MacOSX.sdk/usr/include/os/availability.h:83:187: note: expanded from macro 'API_DEPRECATED'
    #define API_DEPRECATED(...) __API_DEPRECATED_MSG_GET_MACRO(__VA_ARGS__,__API_DEPRECATED_MSG8,__API_DEPRECATED_MSG7, __API_DEPRECATED_MSG6,__API_DEPRECATED_MSG5,__API_DEPRECATED_MSG4,__API_DEPRECATED_MSG3,__API_DEPRECATED_MSG2,__API_DEPRECATED_MSG1, 0)(__VA_ARGS__)
                                                                                                                                                                                          ^
In file included from conftest.c:3:
/Library/Developer/CommandLineTools/SDKs/MacOSX11.sdk/usr/include/ffi/ffi.h:338:1: warning: unknown platform 'macCatalyst' in availability macro [-Wavailability]
FFI_AVAILABLE_APPLE_2019 FFI_API void *ffi_closure_alloc (size_t size, void **code);
^
/Library/Developer/CommandLineTools/SDKs/MacOSX11.sdk/usr/include/ffi/ffi.h:56:34: note: expanded from macro 'FFI_AVAILABLE_APPLE_2019'
#define FFI_AVAILABLE_APPLE_2019 API_AVAILABLE(macos(10.15), macCatalyst(13.0)) API_UNAVAILABLE(ios, tvos, watchos)
                                 ^
/Applications/Xcode.app/Contents/Developer/Platforms/MacOSX.platform/Developer/SDKs/MacOSX.sdk/usr/include/os/availability.h:61:160: note: expanded from macro 'API_AVAILABLE'
    #define API_AVAILABLE(...) __API_AVAILABLE_GET_MACRO(__VA_ARGS__,__API_AVAILABLE7, __API_AVAILABLE6, __API_AVAILABLE5, __API_AVAILABLE4, __API_AVAILABLE3, __API_AVAILABLE2, __API_AVAILABLE1, 0)(__VA_ARGS__)
                                                                                                                                                               ^
In file included from conftest.c:3:
/Library/Developer/CommandLineTools/SDKs/MacOSX11.sdk/usr/include/ffi/ffi.h:339:1: warning: unknown platform 'macCatalyst' in availability macro [-Wavailability]
FFI_AVAILABLE_APPLE_2019 FFI_API void ffi_closure_free (void *);
^
/Library/Developer/CommandLineTools/SDKs/MacOSX11.sdk/usr/include/ffi/ffi.h:56:34: note: expanded from macro 'FFI_AVAILABLE_APPLE_2019'
#define FFI_AVAILABLE_APPLE_2019 API_AVAILABLE(macos(10.15), macCatalyst(13.0)) API_UNAVAILABLE(ios, tvos, watchos)
                                 ^
/Applications/Xcode.app/Contents/Developer/Platforms/MacOSX.platform/Developer/SDKs/MacOSX.sdk/usr/include/os/availability.h:61:160: note: expanded from macro 'API_AVAILABLE'
    #define API_AVAILABLE(...) __API_AVAILABLE_GET_MACRO(__VA_ARGS__,__API_AVAILABLE7, __API_AVAILABLE6, __API_AVAILABLE5, __API_AVAILABLE4, __API_AVAILABLE3, __API_AVAILABLE2, __API_AVAILABLE1, 0)(__VA_ARGS__)
                                                                                                                                                               ^
In file included from conftest.c:3:
/Library/Developer/CommandLineTools/SDKs/MacOSX11.sdk/usr/include/ffi/ffi.h:342:1: warning: unknown platform 'macCatalyst' in availability macro [-Wavailability]
FFI_AVAILABLE_APPLE_2019 FFI_API ffi_status
^
/Library/Developer/CommandLineTools/SDKs/MacOSX11.sdk/usr/include/ffi/ffi.h:56:34: note: expanded from macro 'FFI_AVAILABLE_APPLE_2019'
#define FFI_AVAILABLE_APPLE_2019 API_AVAILABLE(macos(10.15), macCatalyst(13.0)) API_UNAVAILABLE(ios, tvos, watchos)
                                 ^
/Applications/Xcode.app/Contents/Developer/Platforms/MacOSX.platform/Developer/SDKs/MacOSX.sdk/usr/include/os/availability.h:61:160: note: expanded from macro 'API_AVAILABLE'
    #define API_AVAILABLE(...) __API_AVAILABLE_GET_MACRO(__VA_ARGS__,__API_AVAILABLE7, __API_AVAILABLE6, __API_AVAILABLE5, __API_AVAILABLE4, __API_AVAILABLE3, __API_AVAILABLE2, __API_AVAILABLE1, 0)(__VA_ARGS__)
                                                                                                                                                               ^
In file included from conftest.c:3:
/Library/Developer/CommandLineTools/SDKs/MacOSX11.sdk/usr/include/ffi/ffi.h:355:1: warning: unknown platform 'macCatalyst' in availability macro [-Wavailability]
FFI_AVAILABLE_APPLE_2019 FFI_API ffi_status
^
/Library/Developer/CommandLineTools/SDKs/MacOSX11.sdk/usr/include/ffi/ffi.h:56:34: note: expanded from macro 'FFI_AVAILABLE_APPLE_2019'
#define FFI_AVAILABLE_APPLE_2019 API_AVAILABLE(macos(10.15), macCatalyst(13.0)) API_UNAVAILABLE(ios, tvos, watchos)
                                 ^
/Applications/Xcode.app/Contents/Developer/Platforms/MacOSX.platform/Developer/SDKs/MacOSX.sdk/usr/include/os/availability.h:61:160: note: expanded from macro 'API_AVAILABLE'
    #define API_AVAILABLE(...) __API_AVAILABLE_GET_MACRO(__VA_ARGS__,__API_AVAILABLE7, __API_AVAILABLE6, __API_AVAILABLE5, __API_AVAILABLE4, __API_AVAILABLE3, __API_AVAILABLE2, __API_AVAILABLE1, 0)(__VA_ARGS__)
                                                                                                                                                               ^
In file included from conftest.c:3:
/Library/Developer/CommandLineTools/SDKs/MacOSX11.sdk/usr/include/ffi/ffi.h:363:1: warning: unknown platform 'macCatalyst' in availability macro [-Wavailability]
FFI_AVAILABLE_APPLE_2019
^
/Library/Developer/CommandLineTools/SDKs/MacOSX11.sdk/usr/include/ffi/ffi.h:56:34: note: expanded from macro 'FFI_AVAILABLE_APPLE_2019'
#define FFI_AVAILABLE_APPLE_2019 API_AVAILABLE(macos(10.15), macCatalyst(13.0)) API_UNAVAILABLE(ios, tvos, watchos)
                                 ^
/Applications/Xcode.app/Contents/Developer/Platforms/MacOSX.platform/Developer/SDKs/MacOSX.sdk/usr/include/os/availability.h:61:160: note: expanded from macro 'API_AVAILABLE'
    #define API_AVAILABLE(...) __API_AVAILABLE_GET_MACRO(__VA_ARGS__,__API_AVAILABLE7, __API_AVAILABLE6, __API_AVAILABLE5, __API_AVAILABLE4, __API_AVAILABLE3, __API_AVAILABLE2, __API_AVAILABLE1, 0)(__VA_ARGS__)
                                                                                                                                                               ^
In file included from conftest.c:3:
/Library/Developer/CommandLineTools/SDKs/MacOSX11.sdk/usr/include/ffi/ffi.h:421:1: warning: unknown platform 'macCatalyst' in availability macro [-Wavailability]
FFI_AVAILABLE_APPLE_2019 FFI_API ffi_status
^
/Library/Developer/CommandLineTools/SDKs/MacOSX11.sdk/usr/include/ffi/ffi.h:56:34: note: expanded from macro 'FFI_AVAILABLE_APPLE_2019'
#define FFI_AVAILABLE_APPLE_2019 API_AVAILABLE(macos(10.15), macCatalyst(13.0)) API_UNAVAILABLE(ios, tvos, watchos)
                                 ^
/Applications/Xcode.app/Contents/Developer/Platforms/MacOSX.platform/Developer/SDKs/MacOSX.sdk/usr/include/os/availability.h:61:160: note: expanded from macro 'API_AVAILABLE'
    #define API_AVAILABLE(...) __API_AVAILABLE_GET_MACRO(__VA_ARGS__,__API_AVAILABLE7, __API_AVAILABLE6, __API_AVAILABLE5, __API_AVAILABLE4, __API_AVAILABLE3, __API_AVAILABLE2, __API_AVAILABLE1, 0)(__VA_ARGS__)
                                                                                                                                                               ^
In file included from conftest.c:3:
/Library/Developer/CommandLineTools/SDKs/MacOSX11.sdk/usr/include/ffi/ffi.h:427:1: warning: unknown platform 'macCatalyst' in availability macro [-Wavailability]
FFI_AVAILABLE_APPLE_2019 FFI_API ffi_status
^
/Library/Developer/CommandLineTools/SDKs/MacOSX11.sdk/usr/include/ffi/ffi.h:56:34: note: expanded from macro 'FFI_AVAILABLE_APPLE_2019'
#define FFI_AVAILABLE_APPLE_2019 API_AVAILABLE(macos(10.15), macCatalyst(13.0)) API_UNAVAILABLE(ios, tvos, watchos)
                                 ^
/Applications/Xcode.app/Contents/Developer/Platforms/MacOSX.platform/Developer/SDKs/MacOSX.sdk/usr/include/os/availability.h:61:160: note: expanded from macro 'API_AVAILABLE'
    #define API_AVAILABLE(...) __API_AVAILABLE_GET_MACRO(__VA_ARGS__,__API_AVAILABLE7, __API_AVAILABLE6, __API_AVAILABLE5, __API_AVAILABLE4, __API_AVAILABLE3, __API_AVAILABLE2, __API_AVAILABLE1, 0)(__VA_ARGS__)
                                                                                                                                                               ^
In file included from conftest.c:3:
/Library/Developer/CommandLineTools/SDKs/MacOSX11.sdk/usr/include/ffi/ffi.h:435:1: warning: unknown platform 'macCatalyst' in availability macro [-Wavailability]
FFI_AVAILABLE_APPLE_2019_DEPRECATED_2020 FFI_API ffi_status
^
/Library/Developer/CommandLineTools/SDKs/MacOSX11.sdk/usr/include/ffi/ffi.h:57:50: note: expanded from macro 'FFI_AVAILABLE_APPLE_2019_DEPRECATED_2020'
#define FFI_AVAILABLE_APPLE_2019_DEPRECATED_2020 API_DEPRECATED("Deprecated", macos(10.15, 11.0), macCatalyst(13.0, 14.0)) API_UNAVAILABLE(ios, tvos, watchos)
                                                 ^
/Applications/Xcode.app/Contents/Developer/Platforms/MacOSX.platform/Developer/SDKs/MacOSX.sdk/usr/include/os/availability.h:83:187: note: expanded from macro 'API_DEPRECATED'
    #define API_DEPRECATED(...) __API_DEPRECATED_MSG_GET_MACRO(__VA_ARGS__,__API_DEPRECATED_MSG8,__API_DEPRECATED_MSG7, __API_DEPRECATED_MSG6,__API_DEPRECATED_MSG5,__API_DEPRECATED_MSG4,__API_DEPRECATED_MSG3,__API_DEPRECATED_MSG2,__API_DEPRECATED_MSG1, 0)(__VA_ARGS__)
                                                                                                                                                                                          ^
In file included from conftest.c:3:
/Library/Developer/CommandLineTools/SDKs/MacOSX11.sdk/usr/include/ffi/ffi.h:441:1: warning: unknown platform 'macCatalyst' in availability macro [-Wavailability]
FFI_AVAILABLE_APPLE_2019_DEPRECATED_2020 FFI_API ffi_status
^
/Library/Developer/CommandLineTools/SDKs/MacOSX11.sdk/usr/include/ffi/ffi.h:57:50: note: expanded from macro 'FFI_AVAILABLE_APPLE_2019_DEPRECATED_2020'
#define FFI_AVAILABLE_APPLE_2019_DEPRECATED_2020 API_DEPRECATED("Deprecated", macos(10.15, 11.0), macCatalyst(13.0, 14.0)) API_UNAVAILABLE(ios, tvos, watchos)
                                                 ^
/Applications/Xcode.app/Contents/Developer/Platforms/MacOSX.platform/Developer/SDKs/MacOSX.sdk/usr/include/os/availability.h:83:187: note: expanded from macro 'API_DEPRECATED'
    #define API_DEPRECATED(...) __API_DEPRECATED_MSG_GET_MACRO(__VA_ARGS__,__API_DEPRECATED_MSG8,__API_DEPRECATED_MSG7, __API_DEPRECATED_MSG6,__API_DEPRECATED_MSG5,__API_DEPRECATED_MSG4,__API_DEPRECATED_MSG3,__API_DEPRECATED_MSG2,__API_DEPRECATED_MSG1, 0)(__VA_ARGS__)
                                                                                                                                                                                          ^
In file included from conftest.c:3:
/Library/Developer/CommandLineTools/SDKs/MacOSX11.sdk/usr/include/ffi/ffi.h:469:1: warning: unknown platform 'macCatalyst' in availability macro [-Wavailability]
FFI_AVAILABLE_APPLE FFI_API
^
/Library/Developer/CommandLineTools/SDKs/MacOSX11.sdk/usr/include/ffi/ffi.h:55:34: note: expanded from macro 'FFI_AVAILABLE_APPLE'
#define FFI_AVAILABLE_APPLE      API_AVAILABLE(macos(10.0), macCatalyst(13.0)) API_UNAVAILABLE(ios, tvos, watchos)
                                 ^
/Applications/Xcode.app/Contents/Developer/Platforms/MacOSX.platform/Developer/SDKs/MacOSX.sdk/usr/include/os/availability.h:61:160: note: expanded from macro 'API_AVAILABLE'
    #define API_AVAILABLE(...) __API_AVAILABLE_GET_MACRO(__VA_ARGS__,__API_AVAILABLE7, __API_AVAILABLE6, __API_AVAILABLE5, __API_AVAILABLE4, __API_AVAILABLE3, __API_AVAILABLE2, __API_AVAILABLE1, 0)(__VA_ARGS__)
                                                                                                                                                               ^
In file included from conftest.c:3:
/Library/Developer/CommandLineTools/SDKs/MacOSX11.sdk/usr/include/ffi/ffi.h:476:1: warning: unknown platform 'macCatalyst' in availability macro [-Wavailability]
FFI_AVAILABLE_APPLE_2019 FFI_API
^
/Library/Developer/CommandLineTools/SDKs/MacOSX11.sdk/usr/include/ffi/ffi.h:56:34: note: expanded from macro 'FFI_AVAILABLE_APPLE_2019'
#define FFI_AVAILABLE_APPLE_2019 API_AVAILABLE(macos(10.15), macCatalyst(13.0)) API_UNAVAILABLE(ios, tvos, watchos)
                                 ^
/Applications/Xcode.app/Contents/Developer/Platforms/MacOSX.platform/Developer/SDKs/MacOSX.sdk/usr/include/os/availability.h:61:160: note: expanded from macro 'API_AVAILABLE'
    #define API_AVAILABLE(...) __API_AVAILABLE_GET_MACRO(__VA_ARGS__,__API_AVAILABLE7, __API_AVAILABLE6, __API_AVAILABLE5, __API_AVAILABLE4, __API_AVAILABLE3, __API_AVAILABLE2, __API_AVAILABLE1, 0)(__VA_ARGS__)
                                                                                                                                                               ^
In file included from conftest.c:3:
/Library/Developer/CommandLineTools/SDKs/MacOSX11.sdk/usr/include/ffi/ffi.h:484:1: warning: unknown platform 'macCatalyst' in availability macro [-Wavailability]
FFI_AVAILABLE_APPLE FFI_API
^
/Library/Developer/CommandLineTools/SDKs/MacOSX11.sdk/usr/include/ffi/ffi.h:55:34: note: expanded from macro 'FFI_AVAILABLE_APPLE'
#define FFI_AVAILABLE_APPLE      API_AVAILABLE(macos(10.0), macCatalyst(13.0)) API_UNAVAILABLE(ios, tvos, watchos)
                                 ^
/Applications/Xcode.app/Contents/Developer/Platforms/MacOSX.platform/Developer/SDKs/MacOSX.sdk/usr/include/os/availability.h:61:160: note: expanded from macro 'API_AVAILABLE'
    #define API_AVAILABLE(...) __API_AVAILABLE_GET_MACRO(__VA_ARGS__,__API_AVAILABLE7, __API_AVAILABLE6, __API_AVAILABLE5, __API_AVAILABLE4, __API_AVAILABLE3, __API_AVAILABLE2, __API_AVAILABLE1, 0)(__VA_ARGS__)
                                                                                                                                                               ^
In file included from conftest.c:3:
/Library/Developer/CommandLineTools/SDKs/MacOSX11.sdk/usr/include/ffi/ffi.h:490:1: warning: unknown platform 'macCatalyst' in availability macro [-Wavailability]
FFI_AVAILABLE_APPLE_2019 FFI_API
^
/Library/Developer/CommandLineTools/SDKs/MacOSX11.sdk/usr/include/ffi/ffi.h:56:34: note: expanded from macro 'FFI_AVAILABLE_APPLE_2019'
#define FFI_AVAILABLE_APPLE_2019 API_AVAILABLE(macos(10.15), macCatalyst(13.0)) API_UNAVAILABLE(ios, tvos, watchos)
                                 ^
/Applications/Xcode.app/Contents/Developer/Platforms/MacOSX.platform/Developer/SDKs/MacOSX.sdk/usr/include/os/availability.h:61:160: note: expanded from macro 'API_AVAILABLE'
    #define API_AVAILABLE(...) __API_AVAILABLE_GET_MACRO(__VA_ARGS__,__API_AVAILABLE7, __API_AVAILABLE6, __API_AVAILABLE5, __API_AVAILABLE4, __API_AVAILABLE3, __API_AVAILABLE2, __API_AVAILABLE1, 0)(__VA_ARGS__)
                                                                                                                                                               ^
37 warnings generated.
checked program was:
/* begin */
 1: #include "ruby.h"
 2: 
 3: #include <ffi.h>
 4: 
 5: /*top*/
 6: extern int t(void);
 7: int main(int argc, char **argv)
 8: {
 9:   if (argc > 1000000) {
10:     int (* volatile tp)(void)=(int (*)(void))&t;
11:     printf("%d", (*tp)());
12:   }
13: 
14:   return !!argv[argc];
15: }
16: int t(void) { void ((*volatile p)()); p = (void ((*)()))ffi_prep_closure_loc; return !p; }
/* end */

--------------------

have_func: checking for ffi_prep_cif_var()... -------------------- yes

DYLD_FALLBACK_LIBRARY_PATH=.:/usr/local/Cellar/ruby/3.1.1/lib "clang -o conftest -I/usr/local/Cellar/ruby/3.1.1/include/ruby-3.1.0/x86_64-darwin20 -I/usr/local/Cellar/ruby/3.1.1/include/ruby-3.1.0/ruby/backward -I/usr/local/Cellar/ruby/3.1.1/include/ruby-3.1.0 -I. -I/Library/Developer/CommandLineTools/SDKs/MacOSX11.sdk/usr/include/ffi  -I/usr/local/opt/libyaml/include -I/usr/local/opt/openssl@1.1/include -I/usr/local/opt/readline/include -D_XOPEN_SOURCE -D_DARWIN_C_SOURCE -D_DARWIN_UNLIMITED_SELECT -D_REENTRANT   -fdeclspec -O3 -fno-fast-math -ggdb3 -Wall -Wextra -Wdeprecated-declarations -Wdivision-by-zero -Wimplicit-function-declaration -Wimplicit-int -Wmisleading-indentation -Wpointer-arith -Wshorten-64-to-32 -Wwrite-strings -Wold-style-definition -Wmissing-noreturn -Wno-constant-logical-operand -Wno-long-long -Wno-missing-field-initializers -Wno-overlength-strings -Wno-parentheses-equality -Wno-self-assign -Wno-tautological-compare -Wno-unused-parameter -Wno-unused-value -Wunused-variable -Wextra-tokens -Wundef  -fno-common -pipe  conftest.c  -L. -L/usr/local/Cellar/ruby/3.1.1/lib -L/usr/local/opt/libyaml/lib -L/usr/local/opt/openssl@1.1/lib -L/usr/local/opt/readline/lib -L. -fstack-protector-strong -L/usr/local/lib -L/usr/local/opt/libyaml/lib -L/usr/local/opt/openssl@1.1/lib -L/usr/local/opt/readline/lib     -lffi  -lffi -lruby.3.1 -lffi  -lffi  "
conftest.c:14:57: error: use of undeclared identifier 'ffi_prep_cif_var'
int t(void) { void ((*volatile p)()); p = (void ((*)()))ffi_prep_cif_var; return !p; }
                                                        ^
1 error generated.
checked program was:
/* begin */
 1: #include "ruby.h"
 2: 
 3: /*top*/
 4: extern int t(void);
 5: int main(int argc, char **argv)
 6: {
 7:   if (argc > 1000000) {
 8:     int (* volatile tp)(void)=(int (*)(void))&t;
 9:     printf("%d", (*tp)());
10:   }
11: 
12:   return !!argv[argc];
13: }
14: int t(void) { void ((*volatile p)()); p = (void ((*)()))ffi_prep_cif_var; return !p; }
/* end */

DYLD_FALLBACK_LIBRARY_PATH=.:/usr/local/Cellar/ruby/3.1.1/lib "clang -o conftest -I/usr/local/Cellar/ruby/3.1.1/include/ruby-3.1.0/x86_64-darwin20 -I/usr/local/Cellar/ruby/3.1.1/include/ruby-3.1.0/ruby/backward -I/usr/local/Cellar/ruby/3.1.1/include/ruby-3.1.0 -I. -I/Library/Developer/CommandLineTools/SDKs/MacOSX11.sdk/usr/include/ffi  -I/usr/local/opt/libyaml/include -I/usr/local/opt/openssl@1.1/include -I/usr/local/opt/readline/include -D_XOPEN_SOURCE -D_DARWIN_C_SOURCE -D_DARWIN_UNLIMITED_SELECT -D_REENTRANT   -fdeclspec -O3 -fno-fast-math -ggdb3 -Wall -Wextra -Wdeprecated-declarations -Wdivision-by-zero -Wimplicit-function-declaration -Wimplicit-int -Wmisleading-indentation -Wpointer-arith -Wshorten-64-to-32 -Wwrite-strings -Wold-style-definition -Wmissing-noreturn -Wno-constant-logical-operand -Wno-long-long -Wno-missing-field-initializers -Wno-overlength-strings -Wno-parentheses-equality -Wno-self-assign -Wno-tautological-compare -Wno-unused-parameter -Wno-unused-value -Wunused-variable -Wextra-tokens -Wundef  -fno-common -pipe  conftest.c  -L. -L/usr/local/Cellar/ruby/3.1.1/lib -L/usr/local/opt/libyaml/lib -L/usr/local/opt/openssl@1.1/lib -L/usr/local/opt/readline/lib -L. -fstack-protector-strong -L/usr/local/lib -L/usr/local/opt/libyaml/lib -L/usr/local/opt/openssl@1.1/lib -L/usr/local/opt/readline/lib     -lffi  -lffi -lruby.3.1 -lffi  -lffi  "
checked program was:
/* begin */
 1: #include "ruby.h"
 2: 
 3: /*top*/
 4: extern int t(void);
 5: int main(int argc, char **argv)
 6: {
 7:   if (argc > 1000000) {
 8:     int (* volatile tp)(void)=(int (*)(void))&t;
 9:     printf("%d", (*tp)());
10:   }
11: 
12:   return !!argv[argc];
13: }
14: extern void ffi_prep_cif_var();
15: int t(void) { ffi_prep_cif_var(); return 0; }
/* end */

--------------------

have_func: checking for ffi_raw_call()... -------------------- yes

DYLD_FALLBACK_LIBRARY_PATH=.:/usr/local/Cellar/ruby/3.1.1/lib "clang -o conftest -I/usr/local/Cellar/ruby/3.1.1/include/ruby-3.1.0/x86_64-darwin20 -I/usr/local/Cellar/ruby/3.1.1/include/ruby-3.1.0/ruby/backward -I/usr/local/Cellar/ruby/3.1.1/include/ruby-3.1.0 -I. -I/Library/Developer/CommandLineTools/SDKs/MacOSX11.sdk/usr/include/ffi  -I/usr/local/opt/libyaml/include -I/usr/local/opt/openssl@1.1/include -I/usr/local/opt/readline/include -D_XOPEN_SOURCE -D_DARWIN_C_SOURCE -D_DARWIN_UNLIMITED_SELECT -D_REENTRANT   -fdeclspec -O3 -fno-fast-math -ggdb3 -Wall -Wextra -Wdeprecated-declarations -Wdivision-by-zero -Wimplicit-function-declaration -Wimplicit-int -Wmisleading-indentation -Wpointer-arith -Wshorten-64-to-32 -Wwrite-strings -Wold-style-definition -Wmissing-noreturn -Wno-constant-logical-operand -Wno-long-long -Wno-missing-field-initializers -Wno-overlength-strings -Wno-parentheses-equality -Wno-self-assign -Wno-tautological-compare -Wno-unused-parameter -Wno-unused-value -Wunused-variable -Wextra-tokens -Wundef  -fno-common -pipe  conftest.c  -L. -L/usr/local/Cellar/ruby/3.1.1/lib -L/usr/local/opt/libyaml/lib -L/usr/local/opt/openssl@1.1/lib -L/usr/local/opt/readline/lib -L. -fstack-protector-strong -L/usr/local/lib -L/usr/local/opt/libyaml/lib -L/usr/local/opt/openssl@1.1/lib -L/usr/local/opt/readline/lib     -lffi  -lffi -lruby.3.1 -lffi  -lffi  "
conftest.c:14:57: error: use of undeclared identifier 'ffi_raw_call'
int t(void) { void ((*volatile p)()); p = (void ((*)()))ffi_raw_call; return !p; }
                                                        ^
1 error generated.
checked program was:
/* begin */
 1: #include "ruby.h"
 2: 
 3: /*top*/
 4: extern int t(void);
 5: int main(int argc, char **argv)
 6: {
 7:   if (argc > 1000000) {
 8:     int (* volatile tp)(void)=(int (*)(void))&t;
 9:     printf("%d", (*tp)());
10:   }
11: 
12:   return !!argv[argc];
13: }
14: int t(void) { void ((*volatile p)()); p = (void ((*)()))ffi_raw_call; return !p; }
/* end */

DYLD_FALLBACK_LIBRARY_PATH=.:/usr/local/Cellar/ruby/3.1.1/lib "clang -o conftest -I/usr/local/Cellar/ruby/3.1.1/include/ruby-3.1.0/x86_64-darwin20 -I/usr/local/Cellar/ruby/3.1.1/include/ruby-3.1.0/ruby/backward -I/usr/local/Cellar/ruby/3.1.1/include/ruby-3.1.0 -I. -I/Library/Developer/CommandLineTools/SDKs/MacOSX11.sdk/usr/include/ffi  -I/usr/local/opt/libyaml/include -I/usr/local/opt/openssl@1.1/include -I/usr/local/opt/readline/include -D_XOPEN_SOURCE -D_DARWIN_C_SOURCE -D_DARWIN_UNLIMITED_SELECT -D_REENTRANT   -fdeclspec -O3 -fno-fast-math -ggdb3 -Wall -Wextra -Wdeprecated-declarations -Wdivision-by-zero -Wimplicit-function-declaration -Wimplicit-int -Wmisleading-indentation -Wpointer-arith -Wshorten-64-to-32 -Wwrite-strings -Wold-style-definition -Wmissing-noreturn -Wno-constant-logical-operand -Wno-long-long -Wno-missing-field-initializers -Wno-overlength-strings -Wno-parentheses-equality -Wno-self-assign -Wno-tautological-compare -Wno-unused-parameter -Wno-unused-value -Wunused-variable -Wextra-tokens -Wundef  -fno-common -pipe  conftest.c  -L. -L/usr/local/Cellar/ruby/3.1.1/lib -L/usr/local/opt/libyaml/lib -L/usr/local/opt/openssl@1.1/lib -L/usr/local/opt/readline/lib -L. -fstack-protector-strong -L/usr/local/lib -L/usr/local/opt/libyaml/lib -L/usr/local/opt/openssl@1.1/lib -L/usr/local/opt/readline/lib     -lffi  -lffi -lruby.3.1 -lffi  -lffi  "
checked program was:
/* begin */
 1: #include "ruby.h"
 2: 
 3: /*top*/
 4: extern int t(void);
 5: int main(int argc, char **argv)
 6: {
 7:   if (argc > 1000000) {
 8:     int (* volatile tp)(void)=(int (*)(void))&t;
 9:     printf("%d", (*tp)());
10:   }
11: 
12:   return !!argv[argc];
13: }
14: extern void ffi_raw_call();
15: int t(void) { ffi_raw_call(); return 0; }
/* end */

--------------------

have_func: checking for ffi_prep_raw_closure()... -------------------- yes

DYLD_FALLBACK_LIBRARY_PATH=.:/usr/local/Cellar/ruby/3.1.1/lib "clang -o conftest -I/usr/local/Cellar/ruby/3.1.1/include/ruby-3.1.0/x86_64-darwin20 -I/usr/local/Cellar/ruby/3.1.1/include/ruby-3.1.0/ruby/backward -I/usr/local/Cellar/ruby/3.1.1/include/ruby-3.1.0 -I. -I/Library/Developer/CommandLineTools/SDKs/MacOSX11.sdk/usr/include/ffi  -I/usr/local/opt/libyaml/include -I/usr/local/opt/openssl@1.1/include -I/usr/local/opt/readline/include -D_XOPEN_SOURCE -D_DARWIN_C_SOURCE -D_DARWIN_UNLIMITED_SELECT -D_REENTRANT   -fdeclspec -O3 -fno-fast-math -ggdb3 -Wall -Wextra -Wdeprecated-declarations -Wdivision-by-zero -Wimplicit-function-declaration -Wimplicit-int -Wmisleading-indentation -Wpointer-arith -Wshorten-64-to-32 -Wwrite-strings -Wold-style-definition -Wmissing-noreturn -Wno-constant-logical-operand -Wno-long-long -Wno-missing-field-initializers -Wno-overlength-strings -Wno-parentheses-equality -Wno-self-assign -Wno-tautological-compare -Wno-unused-parameter -Wno-unused-value -Wunused-variable -Wextra-tokens -Wundef  -fno-common -pipe  conftest.c  -L. -L/usr/local/Cellar/ruby/3.1.1/lib -L/usr/local/opt/libyaml/lib -L/usr/local/opt/openssl@1.1/lib -L/usr/local/opt/readline/lib -L. -fstack-protector-strong -L/usr/local/lib -L/usr/local/opt/libyaml/lib -L/usr/local/opt/openssl@1.1/lib -L/usr/local/opt/readline/lib     -lffi  -lffi -lruby.3.1 -lffi  -lffi  "
conftest.c:14:57: error: use of undeclared identifier 'ffi_prep_raw_closure'
int t(void) { void ((*volatile p)()); p = (void ((*)()))ffi_prep_raw_closure; return !p; }
                                                        ^
1 error generated.
checked program was:
/* begin */
 1: #include "ruby.h"
 2: 
 3: /*top*/
 4: extern int t(void);
 5: int main(int argc, char **argv)
 6: {
 7:   if (argc > 1000000) {
 8:     int (* volatile tp)(void)=(int (*)(void))&t;
 9:     printf("%d", (*tp)());
10:   }
11: 
12:   return !!argv[argc];
13: }
14: int t(void) { void ((*volatile p)()); p = (void ((*)()))ffi_prep_raw_closure; return !p; }
/* end */

DYLD_FALLBACK_LIBRARY_PATH=.:/usr/local/Cellar/ruby/3.1.1/lib "clang -o conftest -I/usr/local/Cellar/ruby/3.1.1/include/ruby-3.1.0/x86_64-darwin20 -I/usr/local/Cellar/ruby/3.1.1/include/ruby-3.1.0/ruby/backward -I/usr/local/Cellar/ruby/3.1.1/include/ruby-3.1.0 -I. -I/Library/Developer/CommandLineTools/SDKs/MacOSX11.sdk/usr/include/ffi  -I/usr/local/opt/libyaml/include -I/usr/local/opt/openssl@1.1/include -I/usr/local/opt/readline/include -D_XOPEN_SOURCE -D_DARWIN_C_SOURCE -D_DARWIN_UNLIMITED_SELECT -D_REENTRANT   -fdeclspec -O3 -fno-fast-math -ggdb3 -Wall -Wextra -Wdeprecated-declarations -Wdivision-by-zero -Wimplicit-function-declaration -Wimplicit-int -Wmisleading-indentation -Wpointer-arith -Wshorten-64-to-32 -Wwrite-strings -Wold-style-definition -Wmissing-noreturn -Wno-constant-logical-operand -Wno-long-long -Wno-missing-field-initializers -Wno-overlength-strings -Wno-parentheses-equality -Wno-self-assign -Wno-tautological-compare -Wno-unused-parameter -Wno-unused-value -Wunused-variable -Wextra-tokens -Wundef  -fno-common -pipe  conftest.c  -L. -L/usr/local/Cellar/ruby/3.1.1/lib -L/usr/local/opt/libyaml/lib -L/usr/local/opt/openssl@1.1/lib -L/usr/local/opt/readline/lib -L. -fstack-protector-strong -L/usr/local/lib -L/usr/local/opt/libyaml/lib -L/usr/local/opt/openssl@1.1/lib -L/usr/local/opt/readline/lib     -lffi  -lffi -lruby.3.1 -lffi  -lffi  "
checked program was:
/* begin */
 1: #include "ruby.h"
 2: 
 3: /*top*/
 4: extern int t(void);
 5: int main(int argc, char **argv)
 6: {
 7:   if (argc > 1000000) {
 8:     int (* volatile tp)(void)=(int (*)(void))&t;
 9:     printf("%d", (*tp)());
10:   }
11: 
12:   return !!argv[argc];
13: }
14: extern void ffi_prep_raw_closure();
15: int t(void) { ffi_prep_raw_closure(); return 0; }
/* end */

--------------------

block in append_ldflags: checking for whether -pthread is accepted as LDFLAGS... -------------------- yes

DYLD_FALLBACK_LIBRARY_PATH=.:/usr/local/Cellar/ruby/3.1.1/lib "clang -o conftest -I/usr/local/Cellar/ruby/3.1.1/include/ruby-3.1.0/x86_64-darwin20 -I/usr/local/Cellar/ruby/3.1.1/include/ruby-3.1.0/ruby/backward -I/usr/local/Cellar/ruby/3.1.1/include/ruby-3.1.0 -I. -I/Library/Developer/CommandLineTools/SDKs/MacOSX11.sdk/usr/include/ffi  -I/usr/local/opt/libyaml/include -I/usr/local/opt/openssl@1.1/include -I/usr/local/opt/readline/include -D_XOPEN_SOURCE -D_DARWIN_C_SOURCE -D_DARWIN_UNLIMITED_SELECT -D_REENTRANT   -fdeclspec -O3 -fno-fast-math -ggdb3 -Wall -Wextra -Wdeprecated-declarations -Wdivision-by-zero -Wimplicit-function-declaration -Wimplicit-int -Wmisleading-indentation -Wpointer-arith -Wshorten-64-to-32 -Wwrite-strings -Wold-style-definition -Wmissing-noreturn -Wno-constant-logical-operand -Wno-long-long -Wno-missing-field-initializers -Wno-overlength-strings -Wno-parentheses-equality -Wno-self-assign -Wno-tautological-compare -Wno-unused-parameter -Wno-unused-value -Wunused-variable -Wextra-tokens -Wundef  -fno-common -pipe  conftest.c  -L. -L/usr/local/Cellar/ruby/3.1.1/lib -L/usr/local/opt/libyaml/lib -L/usr/local/opt/openssl@1.1/lib -L/usr/local/opt/readline/lib -L. -fstack-protector-strong -L/usr/local/lib -L/usr/local/opt/libyaml/lib -L/usr/local/opt/openssl@1.1/lib -L/usr/local/opt/readline/lib     -lffi  -lffi -lruby.3.1 -pthread  "
checked program was:
/* begin */
1: #include "ruby.h"
2: 
3: int main(int argc, char **argv)
4: {
5:   return !!argv[argc];
6: }
/* end */

--------------------

extconf.h is:
/* begin */
1: #ifndef EXTCONF_H
2: #define EXTCONF_H
3: #define HAVE_FFI_PREP_CIF_VAR 1
4: #define HAVE_FFI_RAW_CALL 1
5: #define HAVE_FFI_PREP_RAW_CLOSURE 1
6: #define HAVE_RAW_API 1
7: #endif
/* end */

